2024-06-20 00:01:20,603 ERROR scheduler Skipped queueing frappe.website.doctype.personal_data_deletion_request.personal_data_deletion_request.process_data_deletion_request because it was found in queue for capstone.local
2024-06-20 00:01:20,686 ERROR scheduler Skipped queueing frappe.email.doctype.newsletter.newsletter.send_scheduled_email because it was found in queue for capstone.local
2024-06-20 00:01:20,696 ERROR scheduler Skipped queueing frappe.integrations.doctype.google_calendar.google_calendar.sync because it was found in queue for capstone.local
2024-06-20 00:01:20,705 ERROR scheduler Skipped queueing frappe.desk.form.document_follow.send_hourly_updates because it was found in queue for capstone.local
2024-06-20 00:01:20,714 ERROR scheduler Skipped queueing frappe.desk.page.backups.backups.delete_downloadable_backups because it was found in queue for capstone.local
2024-06-20 00:01:20,747 ERROR scheduler Skipped queueing frappe.model.utils.user_settings.sync_user_settings because it was found in queue for capstone.local
2024-06-20 00:01:20,778 ERROR scheduler Skipped queueing frappe.model.utils.link_count.update_link_count because it was found in queue for capstone.local
2024-06-20 00:01:20,798 ERROR scheduler Skipped queueing frappe.automation.doctype.reminder.reminder.send_reminders because it was found in queue for capstone.local
2024-06-20 00:01:20,817 ERROR scheduler Skipped queueing frappe.monitor.flush because it was found in queue for capstone.local
2024-06-20 00:01:20,830 ERROR scheduler Skipped queueing frappe.email.queue.flush because it was found in queue for capstone.local
2024-06-20 00:01:20,881 ERROR scheduler Skipped queueing frappe.email.doctype.email_account.email_account.pull because it was found in queue for capstone.local
2024-06-20 00:01:20,888 ERROR scheduler Skipped queueing frappe.deferred_insert.save_to_db because it was found in queue for capstone.local
2024-06-20 00:01:20,902 ERROR scheduler Skipped queueing frappe.utils.global_search.sync_global_search because it was found in queue for capstone.local
2024-06-20 00:01:20,940 ERROR scheduler Skipped queueing frappe.email.doctype.email_account.email_account.notify_unreplied because it was found in queue for capstone.local
2024-06-20 00:01:20,948 ERROR scheduler Skipped queueing frappe.twofactor.delete_all_barcodes_for_users because it was found in queue for capstone.local
2024-06-20 00:01:20,994 ERROR scheduler Skipped queueing frappe.website.doctype.web_page.web_page.check_publish_status because it was found in queue for capstone.local
2024-06-20 00:01:21,036 ERROR scheduler Skipped queueing frappe.oauth.delete_oauth2_data because it was found in queue for capstone.local
2024-06-20 06:15:17,038 ERROR scheduler Exception in Enqueue Events for Site capstone.local
Traceback (most recent call last):
  File "/home/joric/wsl-frappe/frappe-bench/frappe-bench/env/lib/python3.10/site-packages/pymysql/connections.py", line 649, in connect
    sock = socket.create_connection(
  File "/usr/lib/python3.10/socket.py", line 845, in create_connection
    raise err
  File "/usr/lib/python3.10/socket.py", line 833, in create_connection
    sock.connect(sa)
ConnectionRefusedError: [Errno 111] Connection refused

During handling of the above exception, another exception occurred:

Traceback (most recent call last):
  File "/home/joric/wsl-frappe/frappe-bench/frappe-bench/apps/frappe/frappe/utils/scheduler.py", line 75, in enqueue_events_for_site
    if is_scheduler_inactive():
  File "/home/joric/wsl-frappe/frappe-bench/frappe-bench/apps/frappe/frappe/utils/scheduler.py", line 117, in is_scheduler_inactive
    if is_scheduler_disabled(verbose=verbose):
  File "/home/joric/wsl-frappe/frappe-bench/frappe-bench/apps/frappe/frappe/utils/scheduler.py", line 130, in is_scheduler_disabled
    frappe.db.get_single_value("System Settings", "enable_scheduler")
  File "/home/joric/wsl-frappe/frappe-bench/frappe-bench/apps/frappe/frappe/database/database.py", line 841, in get_single_value
    ).run()
  File "/home/joric/wsl-frappe/frappe-bench/frappe-bench/apps/frappe/frappe/query_builder/utils.py", line 87, in execute_query
    result = frappe.db.sql(query, params, *args, **kwargs)  # nosemgrep
  File "/home/joric/wsl-frappe/frappe-bench/frappe-bench/apps/frappe/frappe/database/database.py", line 211, in sql
    self.connect()
  File "/home/joric/wsl-frappe/frappe-bench/frappe-bench/apps/frappe/frappe/database/database.py", line 117, in connect
    self._conn: "MariadbConnection" | "PostgresConnection" = self.get_connection()
  File "/home/joric/wsl-frappe/frappe-bench/frappe-bench/apps/frappe/frappe/database/mariadb/database.py", line 107, in get_connection
    conn = self._get_connection()
  File "/home/joric/wsl-frappe/frappe-bench/frappe-bench/apps/frappe/frappe/database/mariadb/database.py", line 113, in _get_connection
    return self.create_connection()
  File "/home/joric/wsl-frappe/frappe-bench/frappe-bench/apps/frappe/frappe/database/mariadb/database.py", line 116, in create_connection
    return pymysql.connect(**self.get_connection_settings())
  File "/home/joric/wsl-frappe/frappe-bench/frappe-bench/env/lib/python3.10/site-packages/pymysql/connections.py", line 361, in __init__
    self.connect()
  File "/home/joric/wsl-frappe/frappe-bench/frappe-bench/env/lib/python3.10/site-packages/pymysql/connections.py", line 716, in connect
    raise exc
pymysql.err.OperationalError: (2003, "Can't connect to MySQL server on '127.0.0.1' ([Errno 111] Connection refused)")
2024-06-21 00:01:22,658 ERROR scheduler Skipped queueing frappe.website.doctype.personal_data_deletion_request.personal_data_deletion_request.process_data_deletion_request because it was found in queue for capstone.local
2024-06-21 00:01:22,681 ERROR scheduler Skipped queueing frappe.email.doctype.newsletter.newsletter.send_scheduled_email because it was found in queue for capstone.local
2024-06-21 00:01:22,689 ERROR scheduler Skipped queueing frappe.integrations.doctype.google_calendar.google_calendar.sync because it was found in queue for capstone.local
2024-06-21 00:01:22,699 ERROR scheduler Skipped queueing frappe.desk.form.document_follow.send_hourly_updates because it was found in queue for capstone.local
2024-06-21 00:01:22,706 ERROR scheduler Skipped queueing frappe.desk.page.backups.backups.delete_downloadable_backups because it was found in queue for capstone.local
2024-06-21 00:01:22,714 ERROR scheduler Skipped queueing frappe.model.utils.user_settings.sync_user_settings because it was found in queue for capstone.local
2024-06-21 00:01:22,725 ERROR scheduler Skipped queueing frappe.model.utils.link_count.update_link_count because it was found in queue for capstone.local
2024-06-21 00:01:22,733 ERROR scheduler Skipped queueing frappe.automation.doctype.reminder.reminder.send_reminders because it was found in queue for capstone.local
2024-06-21 00:01:22,741 ERROR scheduler Skipped queueing frappe.monitor.flush because it was found in queue for capstone.local
2024-06-21 00:01:22,747 ERROR scheduler Skipped queueing frappe.email.queue.flush because it was found in queue for capstone.local
2024-06-21 00:01:22,765 ERROR scheduler Skipped queueing frappe.email.doctype.email_account.email_account.pull because it was found in queue for capstone.local
2024-06-21 00:01:22,773 ERROR scheduler Skipped queueing frappe.deferred_insert.save_to_db because it was found in queue for capstone.local
2024-06-21 00:01:22,780 ERROR scheduler Skipped queueing frappe.utils.global_search.sync_global_search because it was found in queue for capstone.local
2024-06-21 00:01:22,787 ERROR scheduler Skipped queueing frappe.email.doctype.email_account.email_account.notify_unreplied because it was found in queue for capstone.local
2024-06-21 00:01:22,796 ERROR scheduler Skipped queueing frappe.twofactor.delete_all_barcodes_for_users because it was found in queue for capstone.local
2024-06-21 00:01:22,803 ERROR scheduler Skipped queueing frappe.website.doctype.web_page.web_page.check_publish_status because it was found in queue for capstone.local
2024-06-21 00:01:22,810 ERROR scheduler Skipped queueing frappe.oauth.delete_oauth2_data because it was found in queue for capstone.local
2024-06-22 00:01:24,501 ERROR scheduler Skipped queueing erpnext.selling.doctype.quotation.quotation.set_expired_status because it was found in queue for capstone.local
2024-06-22 00:01:24,561 ERROR scheduler Skipped queueing erpnext.crm.doctype.email_campaign.email_campaign.set_email_campaign_status because it was found in queue for capstone.local
2024-06-22 00:01:24,581 ERROR scheduler Skipped queueing erpnext.crm.doctype.email_campaign.email_campaign.send_email_to_leads_or_contacts because it was found in queue for capstone.local
2024-06-22 00:01:24,631 ERROR scheduler Skipped queueing erpnext.support.doctype.service_level_agreement.service_level_agreement.check_agreement_status because it was found in queue for capstone.local
2024-06-22 00:01:24,670 ERROR scheduler Skipped queueing erpnext.quality_management.doctype.quality_review.quality_review.review because it was found in queue for capstone.local
2024-06-22 00:01:24,679 ERROR scheduler Skipped queueing erpnext.projects.doctype.project.project.send_project_status_email_to_users because it was found in queue for capstone.local
2024-06-22 00:01:24,685 ERROR scheduler Skipped queueing erpnext.projects.doctype.project.project.update_project_sales_billing because it was found in queue for capstone.local
2024-06-22 00:01:24,703 ERROR scheduler Skipped queueing erpnext.crm.doctype.contract.contract.update_status_for_contracts because it was found in queue for capstone.local
2024-06-22 00:01:24,747 ERROR scheduler Skipped queueing erpnext.assets.doctype.asset.asset.make_post_gl_entry because it was found in queue for capstone.local
2024-06-22 00:01:24,756 ERROR scheduler Skipped queueing erpnext.assets.doctype.asset.asset.update_maintenance_status because it was found in queue for capstone.local
2024-06-22 00:01:24,793 ERROR scheduler Skipped queueing erpnext.setup.doctype.company.company.cache_companies_monthly_sales_history because it was found in queue for capstone.local
2024-06-22 00:01:24,831 ERROR scheduler Skipped queueing erpnext.buying.doctype.supplier_scorecard.supplier_scorecard.refresh_scorecards because it was found in queue for capstone.local
2024-06-22 00:01:24,872 ERROR scheduler Skipped queueing erpnext.stock.doctype.serial_no.serial_no.update_maintenance_status because it was found in queue for capstone.local
2024-06-22 00:01:24,982 ERROR scheduler Skipped queueing erpnext.projects.doctype.task.task.set_tasks_as_overdue because it was found in queue for capstone.local
2024-06-22 00:01:25,009 ERROR scheduler Skipped queueing erpnext.accounts.doctype.fiscal_year.fiscal_year.auto_create_fiscal_year because it was found in queue for capstone.local
2024-06-22 00:01:25,061 ERROR scheduler Skipped queueing erpnext.controllers.accounts_controller.update_invoice_status because it was found in queue for capstone.local
2024-06-22 00:01:25,073 ERROR scheduler Skipped queueing erpnext.crm.doctype.opportunity.opportunity.auto_close_opportunity because it was found in queue for capstone.local
2024-06-22 00:01:25,088 ERROR scheduler Skipped queueing erpnext.support.doctype.issue.issue.auto_close_tickets because it was found in queue for capstone.local
2024-06-22 00:01:25,092 ERROR scheduler Skipped queueing erpnext.projects.doctype.project.project.collect_project_status because it was found in queue for capstone.local
2024-06-22 00:01:25,095 ERROR scheduler Skipped queueing erpnext.projects.doctype.project.project.hourly_reminder because it was found in queue for capstone.local
2024-06-22 00:01:25,120 ERROR scheduler Skipped queueing erpnext.projects.doctype.project.project.project_status_update_reminder because it was found in queue for capstone.local
2024-06-22 00:01:25,125 ERROR scheduler Skipped queueing erpnext.erpnext_integrations.doctype.plaid_settings.plaid_settings.automatic_synchronization because it was found in queue for capstone.local
2024-06-22 00:01:25,128 ERROR scheduler Skipped queueing erpnext.utilities.doctype.video.video.update_youtube_data because it was found in queue for capstone.local
2024-06-22 00:01:25,185 ERROR scheduler Skipped queueing erpnext.accounts.doctype.process_payment_reconciliation.process_payment_reconciliation.trigger_reconciliation_for_queued_docs because it was found in queue for capstone.local
2024-06-22 00:01:25,188 ERROR scheduler Skipped queueing erpnext.manufacturing.doctype.bom_update_log.bom_update_log.resume_bom_cost_update_jobs because it was found in queue for capstone.local
2024-06-22 00:01:25,315 ERROR scheduler Skipped queueing frappe.automation.doctype.auto_repeat.auto_repeat.set_auto_repeat_as_completed because it was found in queue for capstone.local
2024-06-22 00:01:25,319 ERROR scheduler Skipped queueing frappe.automation.doctype.auto_repeat.auto_repeat.make_auto_repeat_entry because it was found in queue for capstone.local
2024-06-22 00:01:25,323 ERROR scheduler Skipped queueing frappe.integrations.doctype.google_contacts.google_contacts.sync because it was found in queue for capstone.local
2024-06-22 00:01:25,327 ERROR scheduler Skipped queueing frappe.social.doctype.energy_point_settings.energy_point_settings.allocate_review_points because it was found in queue for capstone.local
2024-06-22 00:01:25,331 ERROR scheduler Skipped queueing frappe.desk.form.document_follow.send_daily_updates because it was found in queue for capstone.local
2024-06-22 00:01:25,334 ERROR scheduler Skipped queueing frappe.website.doctype.personal_data_deletion_request.personal_data_deletion_request.remove_unverified_record because it was found in queue for capstone.local
2024-06-22 00:01:25,338 ERROR scheduler Skipped queueing frappe.email.doctype.notification.notification.trigger_daily_alerts because it was found in queue for capstone.local
2024-06-22 00:01:25,342 ERROR scheduler Skipped queueing frappe.sessions.clear_expired_sessions because it was found in queue for capstone.local
2024-06-22 00:01:25,347 ERROR scheduler Skipped queueing frappe.desk.doctype.event.event.send_event_digest because it was found in queue for capstone.local
2024-06-22 00:01:25,351 ERROR scheduler Skipped queueing frappe.desk.notifications.clear_notifications because it was found in queue for capstone.local
2024-06-22 00:01:25,355 ERROR scheduler Skipped queueing frappe.website.doctype.personal_data_deletion_request.personal_data_deletion_request.process_data_deletion_request because it was found in queue for capstone.local
2024-06-22 00:01:25,359 ERROR scheduler Skipped queueing frappe.email.doctype.newsletter.newsletter.send_scheduled_email because it was found in queue for capstone.local
2024-06-22 00:01:25,400 ERROR scheduler Skipped queueing frappe.integrations.doctype.google_calendar.google_calendar.sync because it was found in queue for capstone.local
2024-06-22 00:01:25,459 ERROR scheduler Skipped queueing frappe.desk.form.document_follow.send_hourly_updates because it was found in queue for capstone.local
2024-06-22 00:01:25,524 ERROR scheduler Skipped queueing frappe.desk.page.backups.backups.delete_downloadable_backups because it was found in queue for capstone.local
2024-06-22 00:01:25,528 ERROR scheduler Skipped queueing frappe.model.utils.user_settings.sync_user_settings because it was found in queue for capstone.local
2024-06-22 00:01:25,532 ERROR scheduler Skipped queueing frappe.model.utils.link_count.update_link_count because it was found in queue for capstone.local
2024-06-22 00:01:25,536 ERROR scheduler Skipped queueing frappe.automation.doctype.reminder.reminder.send_reminders because it was found in queue for capstone.local
2024-06-22 00:01:25,540 ERROR scheduler Skipped queueing frappe.monitor.flush because it was found in queue for capstone.local
2024-06-22 00:01:25,544 ERROR scheduler Skipped queueing frappe.email.queue.flush because it was found in queue for capstone.local
2024-06-22 00:01:25,554 ERROR scheduler Skipped queueing frappe.email.doctype.email_account.email_account.pull because it was found in queue for capstone.local
2024-06-22 00:01:25,559 ERROR scheduler Skipped queueing frappe.deferred_insert.save_to_db because it was found in queue for capstone.local
2024-06-22 00:01:25,564 ERROR scheduler Skipped queueing frappe.utils.global_search.sync_global_search because it was found in queue for capstone.local
2024-06-22 00:01:25,568 ERROR scheduler Skipped queueing frappe.email.doctype.email_account.email_account.notify_unreplied because it was found in queue for capstone.local
2024-06-22 00:01:25,573 ERROR scheduler Skipped queueing frappe.twofactor.delete_all_barcodes_for_users because it was found in queue for capstone.local
2024-06-22 00:01:25,577 ERROR scheduler Skipped queueing frappe.website.doctype.web_page.web_page.check_publish_status because it was found in queue for capstone.local
2024-06-22 00:01:25,581 ERROR scheduler Skipped queueing frappe.oauth.delete_oauth2_data because it was found in queue for capstone.local
2024-06-22 00:02:26,088 ERROR scheduler Skipped queueing frappe.desk.form.document_follow.send_hourly_updates because it was found in queue for capstone.local
2024-06-22 00:02:26,147 ERROR scheduler Skipped queueing frappe.desk.page.backups.backups.delete_downloadable_backups because it was found in queue for capstone.local
2024-06-22 00:02:26,158 ERROR scheduler Skipped queueing frappe.model.utils.user_settings.sync_user_settings because it was found in queue for capstone.local
2024-06-22 00:02:26,166 ERROR scheduler Skipped queueing frappe.model.utils.link_count.update_link_count because it was found in queue for capstone.local
2024-06-22 00:02:26,172 ERROR scheduler Skipped queueing frappe.automation.doctype.reminder.reminder.send_reminders because it was found in queue for capstone.local
2024-06-22 00:02:26,178 ERROR scheduler Skipped queueing frappe.monitor.flush because it was found in queue for capstone.local
2024-06-22 00:02:26,185 ERROR scheduler Skipped queueing frappe.email.queue.flush because it was found in queue for capstone.local
2024-06-22 00:02:26,206 ERROR scheduler Skipped queueing frappe.email.doctype.email_account.email_account.pull because it was found in queue for capstone.local
2024-06-22 00:02:26,212 ERROR scheduler Skipped queueing frappe.deferred_insert.save_to_db because it was found in queue for capstone.local
2024-06-22 00:02:26,222 ERROR scheduler Skipped queueing frappe.utils.global_search.sync_global_search because it was found in queue for capstone.local
2024-06-22 00:02:26,229 ERROR scheduler Skipped queueing frappe.email.doctype.email_account.email_account.notify_unreplied because it was found in queue for capstone.local
2024-06-22 00:02:26,236 ERROR scheduler Skipped queueing frappe.twofactor.delete_all_barcodes_for_users because it was found in queue for capstone.local
2024-06-22 00:02:26,244 ERROR scheduler Skipped queueing frappe.website.doctype.web_page.web_page.check_publish_status because it was found in queue for capstone.local
2024-06-22 00:02:26,267 ERROR scheduler Skipped queueing frappe.oauth.delete_oauth2_data because it was found in queue for capstone.local
2024-06-23 08:09:15,304 ERROR scheduler Skipped queueing erpnext.utilities.bulk_transaction.retry because it was found in queue for capstone.local
2024-06-23 08:09:15,323 ERROR scheduler Skipped queueing erpnext.stock.doctype.repost_item_valuation.repost_item_valuation.repost_entries because it was found in queue for capstone.local
2024-06-23 08:09:15,333 ERROR scheduler Skipped queueing erpnext.assets.doctype.asset.depreciation.post_depreciation_entries because it was found in queue for capstone.local
2024-06-23 08:09:15,338 ERROR scheduler Skipped queueing erpnext.crm.utils.open_leads_opportunities_based_on_todays_event because it was found in queue for capstone.local
2024-06-23 08:09:15,343 ERROR scheduler Skipped queueing erpnext.manufacturing.doctype.bom_update_tool.bom_update_tool.auto_update_latest_price_in_all_boms because it was found in queue for capstone.local
2024-06-23 08:09:15,348 ERROR scheduler Skipped queueing erpnext.setup.doctype.email_digest.email_digest.send because it was found in queue for capstone.local
2024-06-23 08:09:15,353 ERROR scheduler Skipped queueing erpnext.accounts.doctype.process_subscription.process_subscription.create_subscription_process because it was found in queue for capstone.local
2024-06-23 08:09:15,426 ERROR scheduler Skipped queueing erpnext.accounts.doctype.fiscal_year.fiscal_year.auto_create_fiscal_year because it was found in queue for capstone.local
2024-06-23 08:09:15,431 ERROR scheduler Skipped queueing erpnext.controllers.accounts_controller.update_invoice_status because it was found in queue for capstone.local
2024-06-23 08:09:15,436 ERROR scheduler Skipped queueing erpnext.crm.doctype.opportunity.opportunity.auto_close_opportunity because it was found in queue for capstone.local
2024-06-23 08:09:15,441 ERROR scheduler Skipped queueing erpnext.support.doctype.issue.issue.auto_close_tickets because it was found in queue for capstone.local
2024-06-23 08:09:15,446 ERROR scheduler Skipped queueing erpnext.projects.doctype.project.project.collect_project_status because it was found in queue for capstone.local
2024-06-23 08:09:15,452 ERROR scheduler Skipped queueing erpnext.projects.doctype.project.project.hourly_reminder because it was found in queue for capstone.local
2024-06-23 08:09:15,457 ERROR scheduler Skipped queueing erpnext.projects.doctype.project.project.project_status_update_reminder because it was found in queue for capstone.local
2024-06-23 08:09:15,462 ERROR scheduler Skipped queueing erpnext.erpnext_integrations.doctype.plaid_settings.plaid_settings.automatic_synchronization because it was found in queue for capstone.local
2024-06-23 08:09:15,467 ERROR scheduler Skipped queueing erpnext.utilities.doctype.video.video.update_youtube_data because it was found in queue for capstone.local
2024-06-23 08:09:15,472 ERROR scheduler Skipped queueing erpnext.stock.reorder_item.reorder_item because it was found in queue for capstone.local
2024-06-23 08:09:15,477 ERROR scheduler Skipped queueing erpnext.accounts.doctype.gl_entry.gl_entry.rename_gle_sle_docs because it was found in queue for capstone.local
2024-06-23 08:09:15,483 ERROR scheduler Skipped queueing erpnext.accounts.doctype.process_payment_reconciliation.process_payment_reconciliation.trigger_reconciliation_for_queued_docs because it was found in queue for capstone.local
2024-06-23 08:09:15,488 ERROR scheduler Skipped queueing erpnext.manufacturing.doctype.bom_update_log.bom_update_log.resume_bom_cost_update_jobs because it was found in queue for capstone.local
2024-06-23 08:09:15,503 ERROR scheduler Skipped queueing frappe.desk.doctype.changelog_feed.changelog_feed.fetch_changelog_feed because it was found in queue for capstone.local
2024-06-23 08:09:15,508 ERROR scheduler Skipped queueing frappe.integrations.doctype.google_drive.google_drive.weekly_backup because it was found in queue for capstone.local
2024-06-23 08:09:15,513 ERROR scheduler Skipped queueing frappe.social.doctype.energy_point_log.energy_point_log.send_weekly_summary because it was found in queue for capstone.local
2024-06-23 08:09:15,517 ERROR scheduler Skipped queueing frappe.utils.change_log.check_for_update because it was found in queue for capstone.local
2024-06-23 08:09:15,522 ERROR scheduler Skipped queueing frappe.desk.form.document_follow.send_weekly_updates because it was found in queue for capstone.local
2024-06-23 08:09:15,533 ERROR scheduler Skipped queueing frappe.integrations.doctype.s3_backup_settings.s3_backup_settings.take_backups_weekly because it was found in queue for capstone.local
2024-06-23 08:09:15,538 ERROR scheduler Skipped queueing frappe.integrations.doctype.dropbox_settings.dropbox_settings.take_backups_weekly because it was found in queue for capstone.local
2024-06-23 08:09:15,544 ERROR scheduler Skipped queueing frappe.integrations.doctype.google_drive.google_drive.daily_backup because it was found in queue for capstone.local
2024-06-23 08:09:15,549 ERROR scheduler Skipped queueing frappe.email.doctype.auto_email_report.auto_email_report.send_daily because it was found in queue for capstone.local
2024-06-23 08:09:15,554 ERROR scheduler Skipped queueing frappe.integrations.doctype.s3_backup_settings.s3_backup_settings.take_backups_daily because it was found in queue for capstone.local
2024-06-23 08:09:15,560 ERROR scheduler Skipped queueing frappe.integrations.doctype.dropbox_settings.dropbox_settings.take_backups_daily because it was found in queue for capstone.local
2024-06-23 08:09:15,565 ERROR scheduler Skipped queueing frappe.automation.doctype.auto_repeat.auto_repeat.set_auto_repeat_as_completed because it was found in queue for capstone.local
2024-06-23 08:09:15,570 ERROR scheduler Skipped queueing frappe.automation.doctype.auto_repeat.auto_repeat.make_auto_repeat_entry because it was found in queue for capstone.local
2024-06-23 08:09:15,576 ERROR scheduler Skipped queueing frappe.integrations.doctype.google_contacts.google_contacts.sync because it was found in queue for capstone.local
2024-06-23 08:09:15,581 ERROR scheduler Skipped queueing frappe.social.doctype.energy_point_settings.energy_point_settings.allocate_review_points because it was found in queue for capstone.local
2024-06-23 08:09:15,586 ERROR scheduler Skipped queueing frappe.desk.form.document_follow.send_daily_updates because it was found in queue for capstone.local
2024-06-23 08:09:15,598 ERROR scheduler Skipped queueing frappe.website.doctype.personal_data_deletion_request.personal_data_deletion_request.remove_unverified_record because it was found in queue for capstone.local
2024-06-23 08:09:15,603 ERROR scheduler Skipped queueing frappe.email.doctype.notification.notification.trigger_daily_alerts because it was found in queue for capstone.local
2024-06-23 08:09:15,609 ERROR scheduler Skipped queueing frappe.sessions.clear_expired_sessions because it was found in queue for capstone.local
2024-06-23 08:09:15,614 ERROR scheduler Skipped queueing frappe.desk.doctype.event.event.send_event_digest because it was found in queue for capstone.local
2024-06-23 08:09:15,619 ERROR scheduler Skipped queueing frappe.desk.notifications.clear_notifications because it was found in queue for capstone.local
2024-06-23 08:09:15,624 ERROR scheduler Skipped queueing frappe.website.doctype.personal_data_deletion_request.personal_data_deletion_request.process_data_deletion_request because it was found in queue for capstone.local
2024-06-23 08:09:15,629 ERROR scheduler Skipped queueing frappe.email.doctype.newsletter.newsletter.send_scheduled_email because it was found in queue for capstone.local
2024-06-23 08:09:15,634 ERROR scheduler Skipped queueing frappe.integrations.doctype.google_calendar.google_calendar.sync because it was found in queue for capstone.local
2024-06-23 08:09:15,640 ERROR scheduler Skipped queueing frappe.desk.form.document_follow.send_hourly_updates because it was found in queue for capstone.local
2024-06-23 08:09:15,646 ERROR scheduler Skipped queueing frappe.desk.page.backups.backups.delete_downloadable_backups because it was found in queue for capstone.local
2024-06-23 08:09:15,651 ERROR scheduler Skipped queueing frappe.model.utils.user_settings.sync_user_settings because it was found in queue for capstone.local
2024-06-23 08:09:15,657 ERROR scheduler Skipped queueing frappe.model.utils.link_count.update_link_count because it was found in queue for capstone.local
2024-06-23 08:09:15,663 ERROR scheduler Skipped queueing frappe.automation.doctype.reminder.reminder.send_reminders because it was found in queue for capstone.local
2024-06-23 08:09:15,669 ERROR scheduler Skipped queueing frappe.monitor.flush because it was found in queue for capstone.local
2024-06-23 08:09:15,674 ERROR scheduler Skipped queueing frappe.email.queue.flush because it was found in queue for capstone.local
2024-06-23 08:09:15,679 ERROR scheduler Skipped queueing frappe.core.doctype.log_settings.log_settings.run_log_clean_up because it was found in queue for capstone.local
2024-06-23 08:09:15,686 ERROR scheduler Skipped queueing frappe.core.doctype.prepared_report.prepared_report.expire_stalled_report because it was found in queue for capstone.local
2024-06-23 08:09:15,692 ERROR scheduler Skipped queueing frappe.email.doctype.email_account.email_account.pull because it was found in queue for capstone.local
2024-06-23 08:09:15,698 ERROR scheduler Skipped queueing frappe.deferred_insert.save_to_db because it was found in queue for capstone.local
2024-06-23 08:09:15,704 ERROR scheduler Skipped queueing frappe.utils.global_search.sync_global_search because it was found in queue for capstone.local
2024-06-23 08:09:15,711 ERROR scheduler Skipped queueing frappe.email.doctype.email_account.email_account.notify_unreplied because it was found in queue for capstone.local
2024-06-23 08:09:15,719 ERROR scheduler Skipped queueing frappe.twofactor.delete_all_barcodes_for_users because it was found in queue for capstone.local
2024-06-23 08:09:15,736 ERROR scheduler Skipped queueing frappe.website.doctype.web_page.web_page.check_publish_status because it was found in queue for capstone.local
2024-06-23 08:09:15,747 ERROR scheduler Skipped queueing frappe.oauth.delete_oauth2_data because it was found in queue for capstone.local
2024-06-23 08:10:16,031 ERROR scheduler Skipped queueing frappe.desk.form.document_follow.send_weekly_updates because it was found in queue for capstone.local
2024-06-23 08:10:16,036 ERROR scheduler Skipped queueing frappe.integrations.doctype.s3_backup_settings.s3_backup_settings.take_backups_weekly because it was found in queue for capstone.local
2024-06-23 08:10:16,040 ERROR scheduler Skipped queueing frappe.integrations.doctype.dropbox_settings.dropbox_settings.take_backups_weekly because it was found in queue for capstone.local
2024-06-23 08:10:16,044 ERROR scheduler Skipped queueing frappe.integrations.doctype.google_drive.google_drive.daily_backup because it was found in queue for capstone.local
2024-06-23 08:10:16,049 ERROR scheduler Skipped queueing frappe.email.doctype.auto_email_report.auto_email_report.send_daily because it was found in queue for capstone.local
2024-06-23 08:10:16,054 ERROR scheduler Skipped queueing frappe.integrations.doctype.s3_backup_settings.s3_backup_settings.take_backups_daily because it was found in queue for capstone.local
2024-06-23 08:10:16,058 ERROR scheduler Skipped queueing frappe.integrations.doctype.dropbox_settings.dropbox_settings.take_backups_daily because it was found in queue for capstone.local
2024-09-05 17:18:46,409 ERROR scheduler Skipped queueing erpnext.accounts.doctype.process_subscription.process_subscription.create_subscription_process because it was found in queue for capstone.local
2024-09-05 17:18:46,549 ERROR scheduler Skipped queueing frappe.integrations.doctype.s3_backup_settings.s3_backup_settings.take_backups_monthly because it was found in queue for capstone.local
2024-09-05 17:18:46,563 ERROR scheduler Skipped queueing frappe.desk.doctype.changelog_feed.changelog_feed.fetch_changelog_feed because it was found in queue for capstone.local
2024-09-05 17:18:46,568 ERROR scheduler Skipped queueing frappe.integrations.doctype.google_drive.google_drive.weekly_backup because it was found in queue for capstone.local
2024-09-05 17:18:46,573 ERROR scheduler Skipped queueing frappe.social.doctype.energy_point_log.energy_point_log.send_weekly_summary because it was found in queue for capstone.local
2024-09-05 17:18:46,579 ERROR scheduler Skipped queueing frappe.utils.change_log.check_for_update because it was found in queue for capstone.local
2024-09-05 17:18:46,584 ERROR scheduler Skipped queueing frappe.desk.form.document_follow.send_weekly_updates because it was found in queue for capstone.local
2024-09-05 17:18:46,590 ERROR scheduler Skipped queueing frappe.integrations.doctype.s3_backup_settings.s3_backup_settings.take_backups_weekly because it was found in queue for capstone.local
2024-09-05 17:18:46,596 ERROR scheduler Skipped queueing frappe.integrations.doctype.dropbox_settings.dropbox_settings.take_backups_weekly because it was found in queue for capstone.local
2024-09-05 17:18:46,601 ERROR scheduler Skipped queueing frappe.integrations.doctype.google_drive.google_drive.daily_backup because it was found in queue for capstone.local
2024-09-05 17:18:46,608 ERROR scheduler Skipped queueing frappe.email.doctype.auto_email_report.auto_email_report.send_daily because it was found in queue for capstone.local
2024-09-05 17:18:46,614 ERROR scheduler Skipped queueing frappe.integrations.doctype.s3_backup_settings.s3_backup_settings.take_backups_daily because it was found in queue for capstone.local
2024-09-05 17:18:46,621 ERROR scheduler Skipped queueing frappe.integrations.doctype.dropbox_settings.dropbox_settings.take_backups_daily because it was found in queue for capstone.local
2024-09-08 14:10:53,234 ERROR scheduler Skipped queueing frappe.desk.form.document_follow.send_weekly_updates because it was found in queue for capstone.local
2024-09-08 14:10:53,402 ERROR scheduler Skipped queueing frappe.integrations.doctype.s3_backup_settings.s3_backup_settings.take_backups_weekly because it was found in queue for capstone.local
2024-09-08 14:10:53,407 ERROR scheduler Skipped queueing frappe.integrations.doctype.dropbox_settings.dropbox_settings.take_backups_weekly because it was found in queue for capstone.local
2024-09-08 14:10:53,412 ERROR scheduler Skipped queueing frappe.integrations.doctype.google_drive.google_drive.daily_backup because it was found in queue for capstone.local
2024-09-08 14:10:53,417 ERROR scheduler Skipped queueing frappe.email.doctype.auto_email_report.auto_email_report.send_daily because it was found in queue for capstone.local
2024-09-08 14:10:53,422 ERROR scheduler Skipped queueing frappe.integrations.doctype.s3_backup_settings.s3_backup_settings.take_backups_daily because it was found in queue for capstone.local
2024-09-08 14:10:53,427 ERROR scheduler Skipped queueing frappe.integrations.doctype.dropbox_settings.dropbox_settings.take_backups_daily because it was found in queue for capstone.local
2024-09-09 00:01:24,076 ERROR scheduler Skipped queueing erpnext.projects.doctype.project.project.send_project_status_email_to_users because it was found in queue for capstone.local
2024-09-09 00:01:24,497 ERROR scheduler Skipped queueing erpnext.projects.doctype.project.project.update_project_sales_billing because it was found in queue for capstone.local
2024-09-09 00:01:24,503 ERROR scheduler Skipped queueing erpnext.crm.doctype.contract.contract.update_status_for_contracts because it was found in queue for capstone.local
2024-09-09 00:01:24,508 ERROR scheduler Skipped queueing erpnext.assets.doctype.asset.asset.make_post_gl_entry because it was found in queue for capstone.local
2024-09-09 00:01:24,514 ERROR scheduler Skipped queueing erpnext.assets.doctype.asset.asset.update_maintenance_status because it was found in queue for capstone.local
2024-09-09 00:01:24,519 ERROR scheduler Skipped queueing erpnext.setup.doctype.company.company.cache_companies_monthly_sales_history because it was found in queue for capstone.local
2024-09-09 00:01:24,525 ERROR scheduler Skipped queueing erpnext.buying.doctype.supplier_scorecard.supplier_scorecard.refresh_scorecards because it was found in queue for capstone.local
2024-09-09 00:01:24,531 ERROR scheduler Skipped queueing erpnext.stock.doctype.serial_no.serial_no.update_maintenance_status because it was found in queue for capstone.local
2024-09-09 00:01:24,537 ERROR scheduler Skipped queueing erpnext.projects.doctype.task.task.set_tasks_as_overdue because it was found in queue for capstone.local
2024-09-09 00:01:24,543 ERROR scheduler Skipped queueing erpnext.accounts.doctype.fiscal_year.fiscal_year.auto_create_fiscal_year because it was found in queue for capstone.local
2024-09-09 00:01:24,561 ERROR scheduler Skipped queueing erpnext.controllers.accounts_controller.update_invoice_status because it was found in queue for capstone.local
2024-09-09 00:01:24,568 ERROR scheduler Skipped queueing erpnext.crm.doctype.opportunity.opportunity.auto_close_opportunity because it was found in queue for capstone.local
2024-09-09 00:01:24,586 ERROR scheduler Skipped queueing erpnext.support.doctype.issue.issue.auto_close_tickets because it was found in queue for capstone.local
2024-09-09 00:01:24,592 ERROR scheduler Skipped queueing erpnext.projects.doctype.project.project.collect_project_status because it was found in queue for capstone.local
2024-09-09 00:01:24,598 ERROR scheduler Skipped queueing erpnext.projects.doctype.project.project.hourly_reminder because it was found in queue for capstone.local
2024-09-09 00:01:24,611 ERROR scheduler Skipped queueing erpnext.projects.doctype.project.project.project_status_update_reminder because it was found in queue for capstone.local
2024-09-09 00:01:24,616 ERROR scheduler Skipped queueing erpnext.erpnext_integrations.doctype.plaid_settings.plaid_settings.automatic_synchronization because it was found in queue for capstone.local
2024-09-09 00:01:24,622 ERROR scheduler Skipped queueing erpnext.utilities.doctype.video.video.update_youtube_data because it was found in queue for capstone.local
2024-09-09 00:01:24,637 ERROR scheduler Skipped queueing erpnext.accounts.doctype.process_payment_reconciliation.process_payment_reconciliation.trigger_reconciliation_for_queued_docs because it was found in queue for capstone.local
2024-09-09 00:01:24,642 ERROR scheduler Skipped queueing erpnext.manufacturing.doctype.bom_update_log.bom_update_log.resume_bom_cost_update_jobs because it was found in queue for capstone.local
2024-09-09 00:01:24,710 ERROR scheduler Skipped queueing frappe.integrations.doctype.s3_backup_settings.s3_backup_settings.take_backups_daily because it was found in queue for capstone.local
2024-09-09 00:01:24,721 ERROR scheduler Skipped queueing frappe.automation.doctype.auto_repeat.auto_repeat.set_auto_repeat_as_completed because it was found in queue for capstone.local
2024-09-09 00:01:24,728 ERROR scheduler Skipped queueing frappe.automation.doctype.auto_repeat.auto_repeat.make_auto_repeat_entry because it was found in queue for capstone.local
2024-09-09 00:01:24,734 ERROR scheduler Skipped queueing frappe.integrations.doctype.google_contacts.google_contacts.sync because it was found in queue for capstone.local
2024-09-09 00:01:24,740 ERROR scheduler Skipped queueing frappe.social.doctype.energy_point_settings.energy_point_settings.allocate_review_points because it was found in queue for capstone.local
2024-09-09 00:01:24,746 ERROR scheduler Skipped queueing frappe.desk.form.document_follow.send_daily_updates because it was found in queue for capstone.local
2024-09-09 00:01:24,751 ERROR scheduler Skipped queueing frappe.website.doctype.personal_data_deletion_request.personal_data_deletion_request.remove_unverified_record because it was found in queue for capstone.local
2024-09-09 00:01:24,758 ERROR scheduler Skipped queueing frappe.email.doctype.notification.notification.trigger_daily_alerts because it was found in queue for capstone.local
2024-09-09 00:01:24,763 ERROR scheduler Skipped queueing frappe.sessions.clear_expired_sessions because it was found in queue for capstone.local
2024-09-09 00:01:24,769 ERROR scheduler Skipped queueing frappe.desk.doctype.event.event.send_event_digest because it was found in queue for capstone.local
2024-09-09 00:01:24,774 ERROR scheduler Skipped queueing frappe.desk.notifications.clear_notifications because it was found in queue for capstone.local
2024-09-09 00:01:24,780 ERROR scheduler Skipped queueing frappe.website.doctype.personal_data_deletion_request.personal_data_deletion_request.process_data_deletion_request because it was found in queue for capstone.local
2024-09-09 00:01:24,786 ERROR scheduler Skipped queueing frappe.email.doctype.newsletter.newsletter.send_scheduled_email because it was found in queue for capstone.local
2024-09-09 00:01:24,793 ERROR scheduler Skipped queueing frappe.integrations.doctype.google_calendar.google_calendar.sync because it was found in queue for capstone.local
2024-09-09 00:01:24,799 ERROR scheduler Skipped queueing frappe.desk.form.document_follow.send_hourly_updates because it was found in queue for capstone.local
2024-09-09 00:01:24,804 ERROR scheduler Skipped queueing frappe.desk.page.backups.backups.delete_downloadable_backups because it was found in queue for capstone.local
2024-09-09 00:01:24,811 ERROR scheduler Skipped queueing frappe.model.utils.user_settings.sync_user_settings because it was found in queue for capstone.local
2024-09-09 00:01:24,820 ERROR scheduler Skipped queueing frappe.model.utils.link_count.update_link_count because it was found in queue for capstone.local
2024-09-09 00:01:24,851 ERROR scheduler Skipped queueing frappe.automation.doctype.reminder.reminder.send_reminders because it was found in queue for capstone.local
2024-09-09 00:01:24,857 ERROR scheduler Skipped queueing frappe.monitor.flush because it was found in queue for capstone.local
2024-09-09 00:01:24,862 ERROR scheduler Skipped queueing frappe.email.queue.flush because it was found in queue for capstone.local
2024-09-09 00:01:24,876 ERROR scheduler Skipped queueing frappe.email.doctype.email_account.email_account.pull because it was found in queue for capstone.local
2024-09-09 00:01:24,882 ERROR scheduler Skipped queueing frappe.deferred_insert.save_to_db because it was found in queue for capstone.local
2024-09-09 00:01:24,887 ERROR scheduler Skipped queueing frappe.utils.global_search.sync_global_search because it was found in queue for capstone.local
2024-09-09 00:01:24,893 ERROR scheduler Skipped queueing frappe.email.doctype.email_account.email_account.notify_unreplied because it was found in queue for capstone.local
2024-09-09 00:01:24,899 ERROR scheduler Skipped queueing frappe.twofactor.delete_all_barcodes_for_users because it was found in queue for capstone.local
2024-09-09 00:01:24,906 ERROR scheduler Skipped queueing frappe.website.doctype.web_page.web_page.check_publish_status because it was found in queue for capstone.local
2024-09-09 00:01:24,924 ERROR scheduler Skipped queueing frappe.oauth.delete_oauth2_data because it was found in queue for capstone.local
2024-09-09 00:02:25,267 ERROR scheduler Skipped queueing frappe.integrations.doctype.s3_backup_settings.s3_backup_settings.take_backups_daily because it was found in queue for capstone.local
2024-09-09 00:02:25,386 ERROR scheduler Skipped queueing frappe.model.utils.link_count.update_link_count because it was found in queue for capstone.local
2024-09-09 00:02:25,392 ERROR scheduler Skipped queueing frappe.automation.doctype.reminder.reminder.send_reminders because it was found in queue for capstone.local
2024-09-09 00:02:25,398 ERROR scheduler Skipped queueing frappe.monitor.flush because it was found in queue for capstone.local
2024-09-09 00:02:25,405 ERROR scheduler Skipped queueing frappe.email.queue.flush because it was found in queue for capstone.local
2024-09-09 00:02:25,420 ERROR scheduler Skipped queueing frappe.email.doctype.email_account.email_account.pull because it was found in queue for capstone.local
2024-09-09 00:02:25,427 ERROR scheduler Skipped queueing frappe.deferred_insert.save_to_db because it was found in queue for capstone.local
2024-09-09 00:02:25,432 ERROR scheduler Skipped queueing frappe.utils.global_search.sync_global_search because it was found in queue for capstone.local
2024-09-09 00:02:25,438 ERROR scheduler Skipped queueing frappe.email.doctype.email_account.email_account.notify_unreplied because it was found in queue for capstone.local
2024-09-09 00:02:25,444 ERROR scheduler Skipped queueing frappe.twofactor.delete_all_barcodes_for_users because it was found in queue for capstone.local
2024-09-09 00:02:25,450 ERROR scheduler Skipped queueing frappe.website.doctype.web_page.web_page.check_publish_status because it was found in queue for capstone.local
2024-09-09 00:02:25,455 ERROR scheduler Skipped queueing frappe.oauth.delete_oauth2_data because it was found in queue for capstone.local
2024-09-09 07:31:47,347 ERROR scheduler Skipped queueing erpnext.stock.doctype.repost_item_valuation.repost_item_valuation.repost_entries because it was found in queue for capstone.local
2024-09-09 07:31:48,669 ERROR scheduler Skipped queueing frappe.deferred_insert.save_to_db because it was found in queue for capstone.local
2024-09-09 07:31:48,683 ERROR scheduler Skipped queueing frappe.utils.global_search.sync_global_search because it was found in queue for capstone.local
2024-09-09 07:31:48,695 ERROR scheduler Skipped queueing frappe.email.doctype.email_account.email_account.notify_unreplied because it was found in queue for capstone.local
2024-09-09 07:31:48,726 ERROR scheduler Skipped queueing frappe.twofactor.delete_all_barcodes_for_users because it was found in queue for capstone.local
2024-09-09 07:31:48,759 ERROR scheduler Skipped queueing frappe.website.doctype.web_page.web_page.check_publish_status because it was found in queue for capstone.local
2024-09-09 07:31:48,779 ERROR scheduler Skipped queueing frappe.oauth.delete_oauth2_data because it was found in queue for capstone.local
2024-09-11 18:43:27,316 ERROR scheduler Skipped queueing erpnext.stock.doctype.repost_item_valuation.repost_item_valuation.repost_entries because it was found in queue for capstone.local
2024-09-11 18:43:27,401 ERROR scheduler Skipped queueing erpnext.assets.doctype.asset.depreciation.post_depreciation_entries because it was found in queue for capstone.local
2024-09-11 18:43:27,409 ERROR scheduler Skipped queueing erpnext.crm.utils.open_leads_opportunities_based_on_todays_event because it was found in queue for capstone.local
2024-09-11 18:43:27,416 ERROR scheduler Skipped queueing erpnext.manufacturing.doctype.bom_update_tool.bom_update_tool.auto_update_latest_price_in_all_boms because it was found in queue for capstone.local
2024-09-11 18:43:27,422 ERROR scheduler Skipped queueing erpnext.setup.doctype.email_digest.email_digest.send because it was found in queue for capstone.local
2024-09-11 18:43:27,431 ERROR scheduler Skipped queueing erpnext.accounts.doctype.process_subscription.process_subscription.create_subscription_process because it was found in queue for capstone.local
2024-09-11 18:43:27,651 ERROR scheduler Skipped queueing frappe.integrations.doctype.google_drive.google_drive.daily_backup because it was found in queue for capstone.local
2024-09-11 18:43:27,658 ERROR scheduler Skipped queueing frappe.email.doctype.auto_email_report.auto_email_report.send_daily because it was found in queue for capstone.local
2024-09-11 18:43:27,664 ERROR scheduler Skipped queueing frappe.integrations.doctype.s3_backup_settings.s3_backup_settings.take_backups_daily because it was found in queue for capstone.local
2024-09-11 18:43:27,671 ERROR scheduler Skipped queueing frappe.integrations.doctype.dropbox_settings.dropbox_settings.take_backups_daily because it was found in queue for capstone.local
2024-09-11 18:43:27,789 ERROR scheduler Skipped queueing frappe.deferred_insert.save_to_db because it was found in queue for capstone.local
2024-09-11 18:43:27,795 ERROR scheduler Skipped queueing frappe.utils.global_search.sync_global_search because it was found in queue for capstone.local
2024-09-11 18:43:27,801 ERROR scheduler Skipped queueing frappe.email.doctype.email_account.email_account.notify_unreplied because it was found in queue for capstone.local
2024-09-11 18:43:27,808 ERROR scheduler Skipped queueing frappe.twofactor.delete_all_barcodes_for_users because it was found in queue for capstone.local
2024-09-11 18:43:27,815 ERROR scheduler Skipped queueing frappe.website.doctype.web_page.web_page.check_publish_status because it was found in queue for capstone.local
2024-09-11 18:43:27,822 ERROR scheduler Skipped queueing frappe.oauth.delete_oauth2_data because it was found in queue for capstone.local
2024-09-13 13:26:26,101 ERROR scheduler Skipped queueing erpnext.stock.doctype.repost_item_valuation.repost_item_valuation.repost_entries because it was found in queue for capstone.local
2024-09-15 00:08:50,941 ERROR scheduler Skipped queueing erpnext.utilities.bulk_transaction.retry because it was found in queue for capstone.local
2024-09-15 00:08:51,053 ERROR scheduler Skipped queueing erpnext.stock.doctype.repost_item_valuation.repost_item_valuation.repost_entries because it was found in queue for capstone.local
2024-09-15 00:08:51,119 ERROR scheduler Skipped queueing erpnext.crm.utils.open_leads_opportunities_based_on_todays_event because it was found in queue for capstone.local
2024-09-15 00:08:51,138 ERROR scheduler Skipped queueing erpnext.manufacturing.doctype.bom_update_tool.bom_update_tool.auto_update_latest_price_in_all_boms because it was found in queue for capstone.local
2024-09-15 00:08:51,167 ERROR scheduler Skipped queueing erpnext.setup.doctype.email_digest.email_digest.send because it was found in queue for capstone.local
2024-09-15 00:08:51,796 ERROR scheduler Skipped queueing frappe.desk.doctype.changelog_feed.changelog_feed.fetch_changelog_feed because it was found in queue for capstone.local
2024-09-15 00:08:51,814 ERROR scheduler Skipped queueing frappe.integrations.doctype.google_drive.google_drive.weekly_backup because it was found in queue for capstone.local
2024-09-15 00:08:51,843 ERROR scheduler Skipped queueing frappe.social.doctype.energy_point_log.energy_point_log.send_weekly_summary because it was found in queue for capstone.local
2024-09-15 00:08:51,864 ERROR scheduler Skipped queueing frappe.utils.change_log.check_for_update because it was found in queue for capstone.local
2024-09-15 00:08:51,924 ERROR scheduler Skipped queueing frappe.integrations.doctype.s3_backup_settings.s3_backup_settings.take_backups_weekly because it was found in queue for capstone.local
2024-09-15 00:08:51,943 ERROR scheduler Skipped queueing frappe.integrations.doctype.dropbox_settings.dropbox_settings.take_backups_weekly because it was found in queue for capstone.local
2024-09-15 00:08:51,974 ERROR scheduler Skipped queueing frappe.integrations.doctype.google_drive.google_drive.daily_backup because it was found in queue for capstone.local
2024-09-15 00:08:52,362 ERROR scheduler Skipped queueing frappe.model.utils.user_settings.sync_user_settings because it was found in queue for capstone.local
2024-09-15 00:08:52,398 ERROR scheduler Skipped queueing frappe.model.utils.link_count.update_link_count because it was found in queue for capstone.local
2024-09-15 00:08:52,408 ERROR scheduler Skipped queueing frappe.automation.doctype.reminder.reminder.send_reminders because it was found in queue for capstone.local
2024-09-15 00:08:52,438 ERROR scheduler Skipped queueing frappe.monitor.flush because it was found in queue for capstone.local
2024-09-15 00:08:52,455 ERROR scheduler Skipped queueing frappe.email.queue.flush because it was found in queue for capstone.local
2024-09-15 00:08:52,506 ERROR scheduler Skipped queueing frappe.email.doctype.email_account.email_account.pull because it was found in queue for capstone.local
2024-09-15 00:08:52,535 ERROR scheduler Skipped queueing frappe.deferred_insert.save_to_db because it was found in queue for capstone.local
2024-09-15 00:08:52,553 ERROR scheduler Skipped queueing frappe.utils.global_search.sync_global_search because it was found in queue for capstone.local
2024-09-15 00:08:52,581 ERROR scheduler Skipped queueing frappe.email.doctype.email_account.email_account.notify_unreplied because it was found in queue for capstone.local
2024-09-15 00:08:52,599 ERROR scheduler Skipped queueing frappe.twofactor.delete_all_barcodes_for_users because it was found in queue for capstone.local
2024-09-15 00:08:52,616 ERROR scheduler Skipped queueing frappe.website.doctype.web_page.web_page.check_publish_status because it was found in queue for capstone.local
2024-09-15 00:08:52,644 ERROR scheduler Skipped queueing frappe.oauth.delete_oauth2_data because it was found in queue for capstone.local
2024-09-15 00:09:52,801 ERROR scheduler Skipped queueing erpnext.assets.doctype.asset.depreciation.post_depreciation_entries because it was found in queue for capstone.local
2024-09-15 00:09:53,044 ERROR scheduler Skipped queueing frappe.social.doctype.energy_point_log.energy_point_log.send_weekly_summary because it was found in queue for capstone.local
2024-09-15 00:09:53,050 ERROR scheduler Skipped queueing frappe.utils.change_log.check_for_update because it was found in queue for capstone.local
2024-09-15 00:09:53,056 ERROR scheduler Skipped queueing frappe.desk.form.document_follow.send_weekly_updates because it was found in queue for capstone.local
2024-09-15 00:09:53,061 ERROR scheduler Skipped queueing frappe.integrations.doctype.s3_backup_settings.s3_backup_settings.take_backups_weekly because it was found in queue for capstone.local
2024-09-15 00:09:53,067 ERROR scheduler Skipped queueing frappe.integrations.doctype.dropbox_settings.dropbox_settings.take_backups_weekly because it was found in queue for capstone.local
2024-09-15 00:09:53,072 ERROR scheduler Skipped queueing frappe.integrations.doctype.google_drive.google_drive.daily_backup because it was found in queue for capstone.local
2024-09-15 00:09:53,086 ERROR scheduler Skipped queueing frappe.integrations.doctype.s3_backup_settings.s3_backup_settings.take_backups_daily because it was found in queue for capstone.local
2024-09-16 10:39:22,601 ERROR scheduler Skipped queueing erpnext.stock.doctype.repost_item_valuation.repost_item_valuation.repost_entries because it was found in queue for capstone.local
2024-09-16 10:39:22,649 ERROR scheduler Skipped queueing erpnext.assets.doctype.asset.depreciation.post_depreciation_entries because it was found in queue for capstone.local
2024-09-16 10:39:22,669 ERROR scheduler Skipped queueing erpnext.crm.utils.open_leads_opportunities_based_on_todays_event because it was found in queue for capstone.local
2024-09-16 10:39:22,685 ERROR scheduler Skipped queueing erpnext.manufacturing.doctype.bom_update_tool.bom_update_tool.auto_update_latest_price_in_all_boms because it was found in queue for capstone.local
2024-09-16 10:39:22,703 ERROR scheduler Skipped queueing erpnext.setup.doctype.email_digest.email_digest.send because it was found in queue for capstone.local
2024-09-16 10:39:22,731 ERROR scheduler Skipped queueing erpnext.accounts.doctype.process_subscription.process_subscription.create_subscription_process because it was found in queue for capstone.local
2024-09-16 10:39:23,086 ERROR scheduler Skipped queueing erpnext.controllers.accounts_controller.update_invoice_status because it was found in queue for capstone.local
2024-09-16 10:39:23,104 ERROR scheduler Skipped queueing erpnext.crm.doctype.opportunity.opportunity.auto_close_opportunity because it was found in queue for capstone.local
2024-09-16 10:39:23,133 ERROR scheduler Skipped queueing erpnext.support.doctype.issue.issue.auto_close_tickets because it was found in queue for capstone.local
2024-09-16 10:39:23,153 ERROR scheduler Skipped queueing erpnext.projects.doctype.project.project.collect_project_status because it was found in queue for capstone.local
2024-09-16 10:39:23,196 ERROR scheduler Skipped queueing erpnext.projects.doctype.project.project.hourly_reminder because it was found in queue for capstone.local
2024-09-16 10:39:23,214 ERROR scheduler Skipped queueing erpnext.projects.doctype.project.project.project_status_update_reminder because it was found in queue for capstone.local
2024-09-16 10:39:23,232 ERROR scheduler Skipped queueing erpnext.erpnext_integrations.doctype.plaid_settings.plaid_settings.automatic_synchronization because it was found in queue for capstone.local
2024-09-16 10:39:23,262 ERROR scheduler Skipped queueing erpnext.utilities.doctype.video.video.update_youtube_data because it was found in queue for capstone.local
2024-09-16 10:39:23,280 ERROR scheduler Skipped queueing erpnext.stock.reorder_item.reorder_item because it was found in queue for capstone.local
2024-09-16 10:39:23,309 ERROR scheduler Skipped queueing erpnext.accounts.doctype.gl_entry.gl_entry.rename_gle_sle_docs because it was found in queue for capstone.local
2024-09-16 10:39:23,328 ERROR scheduler Skipped queueing erpnext.accounts.doctype.process_payment_reconciliation.process_payment_reconciliation.trigger_reconciliation_for_queued_docs because it was found in queue for capstone.local
2024-09-16 10:39:23,346 ERROR scheduler Skipped queueing erpnext.manufacturing.doctype.bom_update_log.bom_update_log.resume_bom_cost_update_jobs because it was found in queue for capstone.local
2024-09-16 10:39:23,522 ERROR scheduler Skipped queueing frappe.integrations.doctype.google_drive.google_drive.daily_backup because it was found in queue for capstone.local
2024-09-16 10:39:23,570 ERROR scheduler Skipped queueing frappe.email.doctype.auto_email_report.auto_email_report.send_daily because it was found in queue for capstone.local
2024-09-16 10:39:23,604 ERROR scheduler Skipped queueing frappe.integrations.doctype.s3_backup_settings.s3_backup_settings.take_backups_daily because it was found in queue for capstone.local
2024-09-16 10:39:23,650 ERROR scheduler Skipped queueing frappe.integrations.doctype.dropbox_settings.dropbox_settings.take_backups_daily because it was found in queue for capstone.local
2024-09-16 10:39:23,663 ERROR scheduler Skipped queueing frappe.automation.doctype.auto_repeat.auto_repeat.set_auto_repeat_as_completed because it was found in queue for capstone.local
2024-09-16 10:39:23,678 ERROR scheduler Skipped queueing frappe.automation.doctype.auto_repeat.auto_repeat.make_auto_repeat_entry because it was found in queue for capstone.local
2024-09-16 10:39:23,697 ERROR scheduler Skipped queueing frappe.integrations.doctype.google_contacts.google_contacts.sync because it was found in queue for capstone.local
2024-09-16 10:39:23,728 ERROR scheduler Skipped queueing frappe.social.doctype.energy_point_settings.energy_point_settings.allocate_review_points because it was found in queue for capstone.local
2024-09-16 10:39:23,750 ERROR scheduler Skipped queueing frappe.desk.form.document_follow.send_daily_updates because it was found in queue for capstone.local
2024-09-16 10:39:23,779 ERROR scheduler Skipped queueing frappe.website.doctype.personal_data_deletion_request.personal_data_deletion_request.remove_unverified_record because it was found in queue for capstone.local
2024-09-16 10:39:23,830 ERROR scheduler Skipped queueing frappe.email.doctype.notification.notification.trigger_daily_alerts because it was found in queue for capstone.local
2024-09-16 10:39:23,845 ERROR scheduler Skipped queueing frappe.sessions.clear_expired_sessions because it was found in queue for capstone.local
2024-09-16 10:39:23,863 ERROR scheduler Skipped queueing frappe.desk.doctype.event.event.send_event_digest because it was found in queue for capstone.local
2024-09-16 10:39:23,885 ERROR scheduler Skipped queueing frappe.desk.notifications.clear_notifications because it was found in queue for capstone.local
2024-09-16 10:39:23,911 ERROR scheduler Skipped queueing frappe.website.doctype.personal_data_deletion_request.personal_data_deletion_request.process_data_deletion_request because it was found in queue for capstone.local
2024-09-16 10:39:23,932 ERROR scheduler Skipped queueing frappe.email.doctype.newsletter.newsletter.send_scheduled_email because it was found in queue for capstone.local
2024-09-16 10:39:23,951 ERROR scheduler Skipped queueing frappe.integrations.doctype.google_calendar.google_calendar.sync because it was found in queue for capstone.local
2024-09-16 10:39:23,970 ERROR scheduler Skipped queueing frappe.desk.form.document_follow.send_hourly_updates because it was found in queue for capstone.local
2024-09-16 10:39:23,990 ERROR scheduler Skipped queueing frappe.desk.page.backups.backups.delete_downloadable_backups because it was found in queue for capstone.local
2024-09-16 10:39:24,011 ERROR scheduler Skipped queueing frappe.model.utils.user_settings.sync_user_settings because it was found in queue for capstone.local
2024-09-16 10:39:24,034 ERROR scheduler Skipped queueing frappe.model.utils.link_count.update_link_count because it was found in queue for capstone.local
2024-09-16 10:39:24,053 ERROR scheduler Skipped queueing frappe.automation.doctype.reminder.reminder.send_reminders because it was found in queue for capstone.local
2024-09-16 10:39:24,072 ERROR scheduler Skipped queueing frappe.monitor.flush because it was found in queue for capstone.local
2024-09-16 10:39:24,107 ERROR scheduler Skipped queueing frappe.email.queue.flush because it was found in queue for capstone.local
2024-09-16 10:39:24,146 ERROR scheduler Skipped queueing frappe.core.doctype.log_settings.log_settings.run_log_clean_up because it was found in queue for capstone.local
2024-09-16 10:39:24,165 ERROR scheduler Skipped queueing frappe.core.doctype.prepared_report.prepared_report.expire_stalled_report because it was found in queue for capstone.local
2024-09-16 10:39:24,182 ERROR scheduler Skipped queueing frappe.email.doctype.email_account.email_account.pull because it was found in queue for capstone.local
2024-09-16 10:39:24,200 ERROR scheduler Skipped queueing frappe.deferred_insert.save_to_db because it was found in queue for capstone.local
2024-09-16 10:39:24,232 ERROR scheduler Skipped queueing frappe.utils.global_search.sync_global_search because it was found in queue for capstone.local
2024-09-16 10:39:24,243 ERROR scheduler Skipped queueing frappe.email.doctype.email_account.email_account.notify_unreplied because it was found in queue for capstone.local
2024-09-16 10:39:24,258 ERROR scheduler Skipped queueing frappe.twofactor.delete_all_barcodes_for_users because it was found in queue for capstone.local
2024-09-16 10:39:24,288 ERROR scheduler Skipped queueing frappe.website.doctype.web_page.web_page.check_publish_status because it was found in queue for capstone.local
2024-09-16 10:39:24,316 ERROR scheduler Skipped queueing frappe.oauth.delete_oauth2_data because it was found in queue for capstone.local
2024-09-16 10:40:24,533 ERROR scheduler Skipped queueing erpnext.manufacturing.doctype.bom_update_tool.bom_update_tool.auto_update_latest_price_in_all_boms because it was found in queue for capstone.local
2024-09-16 10:40:24,540 ERROR scheduler Skipped queueing erpnext.setup.doctype.email_digest.email_digest.send because it was found in queue for capstone.local
2024-09-16 10:40:24,548 ERROR scheduler Skipped queueing erpnext.accounts.doctype.process_subscription.process_subscription.create_subscription_process because it was found in queue for capstone.local
2024-09-16 10:40:24,974 ERROR scheduler Skipped queueing frappe.integrations.doctype.google_drive.google_drive.daily_backup because it was found in queue for capstone.local
2024-09-16 10:40:25,006 ERROR scheduler Skipped queueing frappe.email.doctype.auto_email_report.auto_email_report.send_daily because it was found in queue for capstone.local
2024-09-16 10:40:25,036 ERROR scheduler Skipped queueing frappe.integrations.doctype.s3_backup_settings.s3_backup_settings.take_backups_daily because it was found in queue for capstone.local
2024-09-16 10:40:25,056 ERROR scheduler Skipped queueing frappe.integrations.doctype.dropbox_settings.dropbox_settings.take_backups_daily because it was found in queue for capstone.local
